<?xml version="1.0" encoding="UTF-8"?>
<!-- Generated by org.testng.reporters.JUnitReportReporter -->
<testsuite skipped="0" hostname="DESKTOP-9CG36AF" name="tests.NewTest" tests="4" failures="0" timestamp="06 Nov 2021 18:55:45 GMT" time="0.015" errors="0">
  <testcase name="Div" time="0.013" classname="tests.NewTest"/>
  <testcase name="Sub" time="0.000" classname="tests.NewTest"/>
  <testcase name="Mul" time="0.001" classname="tests.NewTest"/>
  <testcase name="sum" time="0.001" classname="tests.NewTest"/>
</testsuite> <!-- tests.NewTest -->
